[0.043s] Invoking command in '~/dev_ws/src/build/articubot_one': AMENT_PREFIX_PATH=~/dev_ws/src/install/articubot_one:${AMENT_PREFIX_PATH} CMAKE_PREFIX_PATH=~/dev_ws/src/install/articubot_one:${CMAKE_PREFIX_PATH} /usr/bin/ctest -C Release -D ExperimentalTest --no-compress-output -V --force-new-ctest-process
[0.048s] UpdateCTestConfiguration  from :~/dev_ws/src/build/articubot_one/CTestConfiguration.ini
[0.048s] Parse Config file:~/dev_ws/src/build/articubot_one/CTestConfiguration.ini
[0.049s]    Site: dell-ag
[0.049s]    Build name: (empty)
[0.049s]  Add coverage exclude regular expressions.
[0.049s] Create new tag: 20230326-1442 - Experimental
[0.049s] UpdateCTestConfiguration  from :~/dev_ws/src/build/articubot_one/CTestConfiguration.ini
[0.049s] Parse Config file:~/dev_ws/src/build/articubot_one/CTestConfiguration.ini
[0.049s] Test project ~/dev_ws/src/build/articubot_one
[0.049s] Constructing a list of tests
[0.049s] Done constructing a list of tests
[0.049s] Updating test list for fixtures
[0.049s] Added 0 tests to meet fixture requirements
[0.049s] Checking test dependency graph...
[0.049s] Checking test dependency graph end
[0.049s] test 1
[0.049s]     Start 1: copyright
[0.049s] 
[0.049s] 1: Test command: /usr/bin/python3.10 "-u" "/opt/ros/humble/share/ament_cmake_test/cmake/run_test.py" "~/dev_ws/src/build/articubot_one/test_results/articubot_one/copyright.xunit.xml" "--package-name" "articubot_one" "--output-file" "~/dev_ws/src/build/articubot_one/ament_copyright/copyright.txt" "--command" "/opt/ros/humble/bin/ament_copyright" "--xunit-file" "~/dev_ws/src/build/articubot_one/test_results/articubot_one/copyright.xunit.xml"
[0.049s] 1: Test timeout computed to be: 200
[0.124s] 1: -- run_test.py: invoking following command in '~/dev_ws/src/articubot_one':
[0.124s] 1:  - /opt/ros/humble/bin/ament_copyright --xunit-file ~/dev_ws/src/build/articubot_one/test_results/articubot_one/copyright.xunit.xml
[0.248s] 1: CONTRIBUTING.md: file not found
[0.248s] 1: LICENSE: file not found
[0.249s] 1: launch/launch_sim.launch.py: could not find copyright notice
[0.249s] 1: launch/rsp.launch.py: could not find copyright notice
[0.249s] 1: 4 errors, checked 4 files
[0.256s] 1: -- run_test.py: return code 1
[0.256s] 1: -- run_test.py: verify result file '~/dev_ws/src/build/articubot_one/test_results/articubot_one/copyright.xunit.xml'
[0.263s] 1/5 Test #1: copyright ........................***Failed    0.21 sec
[0.264s] test 2
[0.264s]     Start 2: flake8
[0.264s] 
[0.264s] 2: Test command: /usr/bin/python3.10 "-u" "/opt/ros/humble/share/ament_cmake_test/cmake/run_test.py" "~/dev_ws/src/build/articubot_one/test_results/articubot_one/flake8.xunit.xml" "--package-name" "articubot_one" "--output-file" "~/dev_ws/src/build/articubot_one/ament_flake8/flake8.txt" "--command" "/opt/ros/humble/bin/ament_flake8" "--xunit-file" "~/dev_ws/src/build/articubot_one/test_results/articubot_one/flake8.xunit.xml"
[0.264s] 2: Test timeout computed to be: 60
[0.307s] 2: -- run_test.py: invoking following command in '~/dev_ws/src/articubot_one':
[0.307s] 2:  - /opt/ros/humble/bin/ament_flake8 --xunit-file ~/dev_ws/src/build/articubot_one/test_results/articubot_one/flake8.xunit.xml
[0.448s] 2:     xacro_file = os.path.join(pkg_path,'description','robot.urdf.xacro')
[0.448s] 2:                                       ^
[0.448s] 2:     xacro_file = os.path.join(pkg_path,'description','robot.urdf.xacro')
[0.448s] 2:                                                     ^
[0.448s] 2:     
[0.448s] 2: ^
[0.448s] 2:     # Launch!
[0.449s] 2:     ^
[0.449s] 2: def generate_launch_description():
[0.449s] 2: ^
[0.449s] 2:     # Include the robot_state_publisher launch file, provided by our own package. Force sim time to be enabled
[0.449s] 2:     ^
[0.449s] 2:     # Include the robot_state_publisher launch file, provided by our own package. Force sim time to be enabled
[0.450s] 2:                                                                                                    ^
[0.450s] 2:     package_name='articubot_one' #<--- CHANGE ME
[0.450s] 2:                 ^
[0.450s] 2:     package_name='articubot_one' #<--- CHANGE ME
[0.450s] 2:                                 ^
[0.450s] 2:     package_name='articubot_one' #<--- CHANGE ME
[0.450s] 2:                                  ^
[0.450s] 2:                     get_package_share_directory(package_name),'launch','rsp.launch.py'
[0.450s] 2:                                                              ^
[0.450s] 2:                     get_package_share_directory(package_name),'launch','rsp.launch.py'
[0.450s] 2:                                                                       ^
[0.450s] 2:     # Run the spawner node from the gazebo_ros package. The entity name doesn't really matter if you only have a single robot.
[0.450s] 2:                                                                                                    ^
[0.450s] 2:     # Launch them all!
[0.450s] 2:     ^
[0.450s] 2:     ])      ^
[0.451s] 2: 1     E225 missing whitespace around operator
[0.451s] 2: 4     E231 missing whitespace after ','
[0.451s] 2: 1     E261 at least two spaces before inline comment
[0.451s] 2: 1     E262 inline comment should start with '# '
[0.451s] 2: 4     E303 too many blank lines (3)
[0.451s] 2: 2     E501 line too long (110 > 99 characters)
[0.451s] 2: 1     W292 no newline at end of file
[0.451s] 2: 1     W293 blank line contains whitespace
[0.451s] 2: 
[0.451s] 2: ./launch/rsp.launch.py:20:39: E231 missing whitespace after ','
[0.451s] 2: 
[0.451s] 2: ./launch/rsp.launch.py:20:53: E231 missing whitespace after ','
[0.451s] 2: 
[0.451s] 2: ./launch/rsp.launch.py:22:1: W293 blank line contains whitespace
[0.451s] 2: 
[0.451s] 2: ./launch/rsp.launch.py:33:5: E303 too many blank lines (2)
[0.451s] 2: 
[0.451s] 2: ./launch/launch_sim.launch.py:14:1: E303 too many blank lines (3)
[0.451s] 2: 
[0.451s] 2: ./launch/launch_sim.launch.py:17:5: E303 too many blank lines (2)
[0.451s] 2: 
[0.452s] 2: ./launch/launch_sim.launch.py:17:100: E501 line too long (110 > 99 characters)
[0.452s] 2: 
[0.452s] 2: ./launch/launch_sim.launch.py:20:17: E225 missing whitespace around operator
[0.452s] 2: 
[0.452s] 2: ./launch/launch_sim.launch.py:20:33: E261 at least two spaces before inline comment
[0.452s] 2: 
[0.452s] 2: ./launch/launch_sim.launch.py:20:34: E262 inline comment should start with '# '
[0.452s] 2: 
[0.452s] 2: ./launch/launch_sim.launch.py:24:62: E231 missing whitespace after ','
[0.452s] 2: 
[0.452s] 2: ./launch/launch_sim.launch.py:24:71: E231 missing whitespace after ','
[0.452s] 2: 
[0.452s] 2: ./launch/launch_sim.launch.py:34:100: E501 line too long (126 > 99 characters)
[0.452s] 2: 
[0.452s] 2: ./launch/launch_sim.launch.py:42:5: E303 too many blank lines (3)
[0.452s] 2: 
[0.452s] 2: ./launch/launch_sim.launch.py:47:7: W292 no newline at end of file
[0.452s] 2: 
[0.452s] 2: 
[0.452s] 2: 2 files checked
[0.452s] 2: 15 errors
[0.452s] 2: 
[0.453s] 2: 'E'-type errors: 13
[0.453s] 2: 'W'-type errors: 2
[0.453s] 2: 
[0.453s] 2: Checked files:
[0.453s] 2: 
[0.453s] 2: * ./launch/rsp.launch.py
[0.453s] 2: * ./launch/launch_sim.launch.py
[0.463s] 2: -- run_test.py: return code 1
[0.463s] 2: -- run_test.py: verify result file '~/dev_ws/src/build/articubot_one/test_results/articubot_one/flake8.xunit.xml'
[0.471s] 2/5 Test #2: flake8 ...........................***Failed    0.21 sec
[0.472s] test 3
[0.472s]     Start 3: lint_cmake
[0.472s] 
[0.472s] 3: Test command: /usr/bin/python3.10 "-u" "/opt/ros/humble/share/ament_cmake_test/cmake/run_test.py" "~/dev_ws/src/build/articubot_one/test_results/articubot_one/lint_cmake.xunit.xml" "--package-name" "articubot_one" "--output-file" "~/dev_ws/src/build/articubot_one/ament_lint_cmake/lint_cmake.txt" "--command" "/opt/ros/humble/bin/ament_lint_cmake" "--xunit-file" "~/dev_ws/src/build/articubot_one/test_results/articubot_one/lint_cmake.xunit.xml"
[0.472s] 3: Test timeout computed to be: 60
[0.514s] 3: -- run_test.py: invoking following command in '~/dev_ws/src/articubot_one':
[0.515s] 3:  - /opt/ros/humble/bin/ament_lint_cmake --xunit-file ~/dev_ws/src/build/articubot_one/test_results/articubot_one/lint_cmake.xunit.xml
[0.566s] 3: 
[0.566s] 3: No problems found
[0.572s] 3: -- run_test.py: return code 0
[0.572s] 3: -- run_test.py: verify result file '~/dev_ws/src/build/articubot_one/test_results/articubot_one/lint_cmake.xunit.xml'
[0.578s] 3/5 Test #3: lint_cmake .......................   Passed    0.11 sec
[0.579s] test 4
[0.579s]     Start 4: pep257
[0.579s] 
[0.580s] 4: Test command: /usr/bin/python3.10 "-u" "/opt/ros/humble/share/ament_cmake_test/cmake/run_test.py" "~/dev_ws/src/build/articubot_one/test_results/articubot_one/pep257.xunit.xml" "--package-name" "articubot_one" "--output-file" "~/dev_ws/src/build/articubot_one/ament_pep257/pep257.txt" "--command" "/opt/ros/humble/bin/ament_pep257" "--xunit-file" "~/dev_ws/src/build/articubot_one/test_results/articubot_one/pep257.xunit.xml"
[0.580s] 4: Test timeout computed to be: 60
[0.621s] 4: -- run_test.py: invoking following command in '~/dev_ws/src/articubot_one':
[0.622s] 4:  - /opt/ros/humble/bin/ament_pep257 --xunit-file ~/dev_ws/src/build/articubot_one/test_results/articubot_one/pep257.xunit.xml
[0.715s] 4: checking ./launch/launch_sim.launch.py
[0.715s] 4: checking ./launch/rsp.launch.py
[0.715s] 4: No problems found
[0.726s] 4: -- run_test.py: return code 0
[0.726s] 4: -- run_test.py: verify result file '~/dev_ws/src/build/articubot_one/test_results/articubot_one/pep257.xunit.xml'
[0.735s] 4/5 Test #4: pep257 ...........................   Passed    0.16 sec
[0.735s] test 5
[0.735s]     Start 5: xmllint
[0.735s] 
[0.736s] 5: Test command: /usr/bin/python3.10 "-u" "/opt/ros/humble/share/ament_cmake_test/cmake/run_test.py" "~/dev_ws/src/build/articubot_one/test_results/articubot_one/xmllint.xunit.xml" "--package-name" "articubot_one" "--output-file" "~/dev_ws/src/build/articubot_one/ament_xmllint/xmllint.txt" "--command" "/opt/ros/humble/bin/ament_xmllint" "--xunit-file" "~/dev_ws/src/build/articubot_one/test_results/articubot_one/xmllint.xunit.xml"
[0.736s] 5: Test timeout computed to be: 60
[0.781s] 5: -- run_test.py: invoking following command in '~/dev_ws/src/articubot_one':
[0.781s] 5:  - /opt/ros/humble/bin/ament_xmllint --xunit-file ~/dev_ws/src/build/articubot_one/test_results/articubot_one/xmllint.xunit.xml
[0.878s] 5: File 'package.xml' is invalid:
[0.878s] 5: error : Resource temporarily unavailable
[0.878s] 5: warning: failed to load external entity "http://download.ros.org/schema/package_format3.xsd"
[0.878s] 5: Schemas parser error : Failed to locate the main schema resource at 'http://download.ros.org/schema/package_format3.xsd'.
[0.879s] 5: WXS schema http://download.ros.org/schema/package_format3.xsd failed to compile
[0.879s] 5: 
[0.879s] 5: 1 files are invalid
[0.888s] 5: -- run_test.py: return code 1
[0.888s] 5: -- run_test.py: verify result file '~/dev_ws/src/build/articubot_one/test_results/articubot_one/xmllint.xunit.xml'
[0.895s] 5/5 Test #5: xmllint ..........................***Failed    0.16 sec
[0.896s] 
[0.896s] 40% tests passed[0;0m, [0;31m3 tests failed[0;0m out of 5
[0.896s] 
[0.896s] Label Time Summary:
[0.896s] copyright     =   0.21 sec*proc (1 test)
[0.896s] flake8        =   0.21 sec*proc (1 test)
[0.896s] lint_cmake    =   0.11 sec*proc (1 test)
[0.896s] linter        =   0.85 sec*proc (5 tests)
[0.896s] pep257        =   0.16 sec*proc (1 test)
[0.896s] xmllint       =   0.16 sec*proc (1 test)
[0.896s] 
[0.896s] Total Test time (real) =   0.85 sec
[0.896s] 
[0.896s] The following tests FAILED:
[0.896s] 	[0;31m  1 - copyright (Failed)[0;0m
[0.897s] 	[0;31m  2 - flake8 (Failed)[0;0m
[0.897s] 	[0;31m  5 - xmllint (Failed)[0;0m
[0.899s] Errors while running CTest
[0.899s] Output from these tests are in: ~/dev_ws/src/build/articubot_one/Testing/Temporary/LastTest.log
[0.899s] Use "--rerun-failed --output-on-failure" to re-run the failed cases verbosely.
[0.900s] Invoked command in '~/dev_ws/src/build/articubot_one' returned '8': AMENT_PREFIX_PATH=~/dev_ws/src/install/articubot_one:${AMENT_PREFIX_PATH} CMAKE_PREFIX_PATH=~/dev_ws/src/install/articubot_one:${CMAKE_PREFIX_PATH} /usr/bin/ctest -C Release -D ExperimentalTest --no-compress-output -V --force-new-ctest-process
