<?xml version="1.0" encoding="UTF-8"?>
<Site BuildName="(empty)"
	BuildStamp="20230326-1442-Experimental"
	Name="dell-ag"
	Generator="ctest-3.22.1"
	CompilerName="/usr/bin/c++"
	CompilerVersion="11.3.0"
	OSName="Linux"
	Hostname="dell-ag"
	OSRelease="5.19.0-35-generic"
	OSVersion="#36~22.04.1-Ubuntu SMP PREEMPT_DYNAMIC Fri Feb 17 15:17:25 UTC 2"
	OSPlatform="x86_64"
	Is64Bits="1"
	VendorString="GenuineIntel"
	VendorID="Intel Corporation"
	FamilyID="6"
	ModelID="141"
	ProcessorCacheSize="24576"
	NumberOfLogicalCPU="16"
	NumberOfPhysicalCPU="8"
	TotalVirtualMemory="2047"
	TotalPhysicalMemory="15737"
	LogicalProcessorsPerPhysical="2"
	ProcessorClockFrequency="800.435"
	>
	<Testing>
		<StartDateTime>Mar 26 16:42 CEST</StartDateTime>
		<StartTestTime>1679841774</StartTestTime>
		<TestList>
			<Test>./copyright</Test>
			<Test>./flake8</Test>
			<Test>./lint_cmake</Test>
			<Test>./pep257</Test>
			<Test>./xmllint</Test>
		</TestList>
		<Test Status="failed">
			<Name>copyright</Name>
			<Path>.</Path>
			<FullName>./copyright</FullName>
			<FullCommandLine>/usr/bin/python3.10 "-u" "/opt/ros/humble/share/ament_cmake_test/cmake/run_test.py" "~/dev_ws/src/build/articubot_one/test_results/articubot_one/copyright.xunit.xml" "--package-name" "articubot_one" "--output-file" "~/dev_ws/src/build/articubot_one/ament_copyright/copyright.txt" "--command" "/opt/ros/humble/bin/ament_copyright" "--xunit-file" "~/dev_ws/src/build/articubot_one/test_results/articubot_one/copyright.xunit.xml"</FullCommandLine>
			<Results>
				<NamedMeasurement type="text/string" name="Exit Code">
					<Value>Failed</Value>
				</NamedMeasurement>
				<NamedMeasurement type="text/string" name="Exit Value">
					<Value>1</Value>
				</NamedMeasurement>
				<NamedMeasurement type="numeric/double" name="Execution Time">
					<Value>0.214656</Value>
				</NamedMeasurement>
				<NamedMeasurement type="numeric/double" name="Processors">
					<Value>1</Value>
				</NamedMeasurement>
				<NamedMeasurement type="text/string" name="Completion Status">
					<Value>Completed</Value>
				</NamedMeasurement>
				<NamedMeasurement type="text/string" name="Command Line">
					<Value>/usr/bin/python3.10 "-u" "/opt/ros/humble/share/ament_cmake_test/cmake/run_test.py" "~/dev_ws/src/build/articubot_one/test_results/articubot_one/copyright.xunit.xml" "--package-name" "articubot_one" "--output-file" "~/dev_ws/src/build/articubot_one/ament_copyright/copyright.txt" "--command" "/opt/ros/humble/bin/ament_copyright" "--xunit-file" "~/dev_ws/src/build/articubot_one/test_results/articubot_one/copyright.xunit.xml"</Value>
				</NamedMeasurement>
				<NamedMeasurement type="text/string" name="Environment">
					<Value>#CTEST_RESOURCE_GROUP_COUNT=</Value>
				</NamedMeasurement>
				<Measurement>
					<Value>-- run_test.py: invoking following command in '~/dev_ws/src/articubot_one':
 - /opt/ros/humble/bin/ament_copyright --xunit-file ~/dev_ws/src/build/articubot_one/test_results/articubot_one/copyright.xunit.xml
CONTRIBUTING.md: file not found
LICENSE: file not found
launch/launch_sim.launch.py: could not find copyright notice
launch/rsp.launch.py: could not find copyright notice
4 errors, checked 4 files
-- run_test.py: return code 1
-- run_test.py: verify result file '~/dev_ws/src/build/articubot_one/test_results/articubot_one/copyright.xunit.xml'
</Value>
				</Measurement>
			</Results>
			<Labels>
				<Label>copyright</Label>
				<Label>linter</Label>
			</Labels>
		</Test>
		<Test Status="failed">
			<Name>flake8</Name>
			<Path>.</Path>
			<FullName>./flake8</FullName>
			<FullCommandLine>/usr/bin/python3.10 "-u" "/opt/ros/humble/share/ament_cmake_test/cmake/run_test.py" "~/dev_ws/src/build/articubot_one/test_results/articubot_one/flake8.xunit.xml" "--package-name" "articubot_one" "--output-file" "~/dev_ws/src/build/articubot_one/ament_flake8/flake8.txt" "--command" "/opt/ros/humble/bin/ament_flake8" "--xunit-file" "~/dev_ws/src/build/articubot_one/test_results/articubot_one/flake8.xunit.xml"</FullCommandLine>
			<Results>
				<NamedMeasurement type="text/string" name="Exit Code">
					<Value>Failed</Value>
				</NamedMeasurement>
				<NamedMeasurement type="text/string" name="Exit Value">
					<Value>1</Value>
				</NamedMeasurement>
				<NamedMeasurement type="numeric/double" name="Execution Time">
					<Value>0.207952</Value>
				</NamedMeasurement>
				<NamedMeasurement type="numeric/double" name="Processors">
					<Value>1</Value>
				</NamedMeasurement>
				<NamedMeasurement type="text/string" name="Completion Status">
					<Value>Completed</Value>
				</NamedMeasurement>
				<NamedMeasurement type="text/string" name="Command Line">
					<Value>/usr/bin/python3.10 "-u" "/opt/ros/humble/share/ament_cmake_test/cmake/run_test.py" "~/dev_ws/src/build/articubot_one/test_results/articubot_one/flake8.xunit.xml" "--package-name" "articubot_one" "--output-file" "~/dev_ws/src/build/articubot_one/ament_flake8/flake8.txt" "--command" "/opt/ros/humble/bin/ament_flake8" "--xunit-file" "~/dev_ws/src/build/articubot_one/test_results/articubot_one/flake8.xunit.xml"</Value>
				</NamedMeasurement>
				<NamedMeasurement type="text/string" name="Environment">
					<Value>#CTEST_RESOURCE_GROUP_COUNT=</Value>
				</NamedMeasurement>
				<Measurement>
					<Value>-- run_test.py: invoking following command in '~/dev_ws/src/articubot_one':
 - /opt/ros/humble/bin/ament_flake8 --xunit-file ~/dev_ws/src/build/articubot_one/test_results/articubot_one/flake8.xunit.xml
    xacro_file = os.path.join(pkg_path,'description','robot.urdf.xacro')
                                      ^
    xacro_file = os.path.join(pkg_path,'description','robot.urdf.xacro')
                                                    ^
    
^
    # Launch!
    ^
def generate_launch_description():
^
    # Include the robot_state_publisher launch file, provided by our own package. Force sim time to be enabled
    ^
    # Include the robot_state_publisher launch file, provided by our own package. Force sim time to be enabled
                                                                                                   ^
    package_name='articubot_one' #&lt;--- CHANGE ME
                ^
    package_name='articubot_one' #&lt;--- CHANGE ME
                                ^
    package_name='articubot_one' #&lt;--- CHANGE ME
                                 ^
                    get_package_share_directory(package_name),'launch','rsp.launch.py'
                                                             ^
                    get_package_share_directory(package_name),'launch','rsp.launch.py'
                                                                      ^
    # Run the spawner node from the gazebo_ros package. The entity name doesn't really matter if you only have a single robot.
                                                                                                   ^
    # Launch them all!
    ^
    ])      ^
1     E225 missing whitespace around operator
4     E231 missing whitespace after ','
1     E261 at least two spaces before inline comment
1     E262 inline comment should start with '# '
4     E303 too many blank lines (3)
2     E501 line too long (110 &gt; 99 characters)
1     W292 no newline at end of file
1     W293 blank line contains whitespace

./launch/rsp.launch.py:20:39: E231 missing whitespace after ','

./launch/rsp.launch.py:20:53: E231 missing whitespace after ','

./launch/rsp.launch.py:22:1: W293 blank line contains whitespace

./launch/rsp.launch.py:33:5: E303 too many blank lines (2)

./launch/launch_sim.launch.py:14:1: E303 too many blank lines (3)

./launch/launch_sim.launch.py:17:5: E303 too many blank lines (2)

./launch/launch_sim.launch.py:17:100: E501 line too long (110 &gt; 99 characters)

./launch/launch_sim.launch.py:20:17: E225 missing whitespace around operator

./launch/launch_sim.launch.py:20:33: E261 at least two spaces before inline comment

./launch/launch_sim.launch.py:20:34: E262 inline comment should start with '# '

./launch/launch_sim.launch.py:24:62: E231 missing whitespace after ','

./launch/launch_sim.launch.py:24:71: E231 missing whitespace after ','

./launch/launch_sim.launch.py:34:100: E501 line too long (126 &gt; 99 characters)

./launch/launch_sim.launch.py:42:5: E303 too many blank lines (3)

./launch/launch_sim.launch.py:47:7: W292 no newline at end of file


2 files checked
15 errors

'E'-type errors: 13
'W'-type errors: 2

Checked files:

* ./launch/rsp.launch.py
* ./launch/launch_sim.launch.py
-- run_test.py: return code 1
-- run_test.py: verify result file '~/dev_ws/src/build/articubot_one/test_results/articubot_one/flake8.xunit.xml'
</Value>
				</Measurement>
			</Results>
			<Labels>
				<Label>flake8</Label>
				<Label>linter</Label>
			</Labels>
		</Test>
		<Test Status="passed">
			<Name>lint_cmake</Name>
			<Path>.</Path>
			<FullName>./lint_cmake</FullName>
			<FullCommandLine>/usr/bin/python3.10 "-u" "/opt/ros/humble/share/ament_cmake_test/cmake/run_test.py" "~/dev_ws/src/build/articubot_one/test_results/articubot_one/lint_cmake.xunit.xml" "--package-name" "articubot_one" "--output-file" "~/dev_ws/src/build/articubot_one/ament_lint_cmake/lint_cmake.txt" "--command" "/opt/ros/humble/bin/ament_lint_cmake" "--xunit-file" "~/dev_ws/src/build/articubot_one/test_results/articubot_one/lint_cmake.xunit.xml"</FullCommandLine>
			<Results>
				<NamedMeasurement type="numeric/double" name="Execution Time">
					<Value>0.106374</Value>
				</NamedMeasurement>
				<NamedMeasurement type="numeric/double" name="Processors">
					<Value>1</Value>
				</NamedMeasurement>
				<NamedMeasurement type="text/string" name="Completion Status">
					<Value>Completed</Value>
				</NamedMeasurement>
				<NamedMeasurement type="text/string" name="Command Line">
					<Value>/usr/bin/python3.10 "-u" "/opt/ros/humble/share/ament_cmake_test/cmake/run_test.py" "~/dev_ws/src/build/articubot_one/test_results/articubot_one/lint_cmake.xunit.xml" "--package-name" "articubot_one" "--output-file" "~/dev_ws/src/build/articubot_one/ament_lint_cmake/lint_cmake.txt" "--command" "/opt/ros/humble/bin/ament_lint_cmake" "--xunit-file" "~/dev_ws/src/build/articubot_one/test_results/articubot_one/lint_cmake.xunit.xml"</Value>
				</NamedMeasurement>
				<NamedMeasurement type="text/string" name="Environment">
					<Value>#CTEST_RESOURCE_GROUP_COUNT=</Value>
				</NamedMeasurement>
				<Measurement>
					<Value>-- run_test.py: invoking following command in '~/dev_ws/src/articubot_one':
 - /opt/ros/humble/bin/ament_lint_cmake --xunit-file ~/dev_ws/src/build/articubot_one/test_results/articubot_one/lint_cmake.xunit.xml

No problems found
-- run_test.py: return code 0
-- run_test.py: verify result file '~/dev_ws/src/build/articubot_one/test_results/articubot_one/lint_cmake.xunit.xml'
</Value>
				</Measurement>
			</Results>
			<Labels>
				<Label>lint_cmake</Label>
				<Label>linter</Label>
			</Labels>
		</Test>
		<Test Status="passed">
			<Name>pep257</Name>
			<Path>.</Path>
			<FullName>./pep257</FullName>
			<FullCommandLine>/usr/bin/python3.10 "-u" "/opt/ros/humble/share/ament_cmake_test/cmake/run_test.py" "~/dev_ws/src/build/articubot_one/test_results/articubot_one/pep257.xunit.xml" "--package-name" "articubot_one" "--output-file" "~/dev_ws/src/build/articubot_one/ament_pep257/pep257.txt" "--command" "/opt/ros/humble/bin/ament_pep257" "--xunit-file" "~/dev_ws/src/build/articubot_one/test_results/articubot_one/pep257.xunit.xml"</FullCommandLine>
			<Results>
				<NamedMeasurement type="numeric/double" name="Execution Time">
					<Value>0.155436</Value>
				</NamedMeasurement>
				<NamedMeasurement type="numeric/double" name="Processors">
					<Value>1</Value>
				</NamedMeasurement>
				<NamedMeasurement type="text/string" name="Completion Status">
					<Value>Completed</Value>
				</NamedMeasurement>
				<NamedMeasurement type="text/string" name="Command Line">
					<Value>/usr/bin/python3.10 "-u" "/opt/ros/humble/share/ament_cmake_test/cmake/run_test.py" "~/dev_ws/src/build/articubot_one/test_results/articubot_one/pep257.xunit.xml" "--package-name" "articubot_one" "--output-file" "~/dev_ws/src/build/articubot_one/ament_pep257/pep257.txt" "--command" "/opt/ros/humble/bin/ament_pep257" "--xunit-file" "~/dev_ws/src/build/articubot_one/test_results/articubot_one/pep257.xunit.xml"</Value>
				</NamedMeasurement>
				<NamedMeasurement type="text/string" name="Environment">
					<Value>#CTEST_RESOURCE_GROUP_COUNT=</Value>
				</NamedMeasurement>
				<Measurement>
					<Value>-- run_test.py: invoking following command in '~/dev_ws/src/articubot_one':
 - /opt/ros/humble/bin/ament_pep257 --xunit-file ~/dev_ws/src/build/articubot_one/test_results/articubot_one/pep257.xunit.xml
checking ./launch/launch_sim.launch.py
checking ./launch/rsp.launch.py
No problems found
-- run_test.py: return code 0
-- run_test.py: verify result file '~/dev_ws/src/build/articubot_one/test_results/articubot_one/pep257.xunit.xml'
</Value>
				</Measurement>
			</Results>
			<Labels>
				<Label>linter</Label>
				<Label>pep257</Label>
			</Labels>
		</Test>
		<Test Status="failed">
			<Name>xmllint</Name>
			<Path>.</Path>
			<FullName>./xmllint</FullName>
			<FullCommandLine>/usr/bin/python3.10 "-u" "/opt/ros/humble/share/ament_cmake_test/cmake/run_test.py" "~/dev_ws/src/build/articubot_one/test_results/articubot_one/xmllint.xunit.xml" "--package-name" "articubot_one" "--output-file" "~/dev_ws/src/build/articubot_one/ament_xmllint/xmllint.txt" "--command" "/opt/ros/humble/bin/ament_xmllint" "--xunit-file" "~/dev_ws/src/build/articubot_one/test_results/articubot_one/xmllint.xunit.xml"</FullCommandLine>
			<Results>
				<NamedMeasurement type="text/string" name="Exit Code">
					<Value>Failed</Value>
				</NamedMeasurement>
				<NamedMeasurement type="text/string" name="Exit Value">
					<Value>1</Value>
				</NamedMeasurement>
				<NamedMeasurement type="numeric/double" name="Execution Time">
					<Value>0.160732</Value>
				</NamedMeasurement>
				<NamedMeasurement type="numeric/double" name="Processors">
					<Value>1</Value>
				</NamedMeasurement>
				<NamedMeasurement type="text/string" name="Completion Status">
					<Value>Completed</Value>
				</NamedMeasurement>
				<NamedMeasurement type="text/string" name="Command Line">
					<Value>/usr/bin/python3.10 "-u" "/opt/ros/humble/share/ament_cmake_test/cmake/run_test.py" "~/dev_ws/src/build/articubot_one/test_results/articubot_one/xmllint.xunit.xml" "--package-name" "articubot_one" "--output-file" "~/dev_ws/src/build/articubot_one/ament_xmllint/xmllint.txt" "--command" "/opt/ros/humble/bin/ament_xmllint" "--xunit-file" "~/dev_ws/src/build/articubot_one/test_results/articubot_one/xmllint.xunit.xml"</Value>
				</NamedMeasurement>
				<NamedMeasurement type="text/string" name="Environment">
					<Value>#CTEST_RESOURCE_GROUP_COUNT=</Value>
				</NamedMeasurement>
				<Measurement>
					<Value>-- run_test.py: invoking following command in '~/dev_ws/src/articubot_one':
 - /opt/ros/humble/bin/ament_xmllint --xunit-file ~/dev_ws/src/build/articubot_one/test_results/articubot_one/xmllint.xunit.xml
File 'package.xml' is invalid:
error : Resource temporarily unavailable
warning: failed to load external entity "http://download.ros.org/schema/package_format3.xsd"
Schemas parser error : Failed to locate the main schema resource at 'http://download.ros.org/schema/package_format3.xsd'.
WXS schema http://download.ros.org/schema/package_format3.xsd failed to compile

1 files are invalid
-- run_test.py: return code 1
-- run_test.py: verify result file '~/dev_ws/src/build/articubot_one/test_results/articubot_one/xmllint.xunit.xml'
</Value>
				</Measurement>
			</Results>
			<Labels>
				<Label>linter</Label>
				<Label>xmllint</Label>
			</Labels>
		</Test>
		<EndDateTime>Mar 26 16:42 CEST</EndDateTime>
		<EndTestTime>1679841775</EndTestTime>
		<ElapsedMinutes>0</ElapsedMinutes>
	</Testing>
</Site>
