Start testing: Mar 26 16:42 CEST
----------------------------------------------------------
1/5 Testing: copyright
1/5 Test: copyright
Command: "/usr/bin/python3.10" "-u" "/opt/ros/humble/share/ament_cmake_test/cmake/run_test.py" "~/dev_ws/src/build/articubot_one/test_results/articubot_one/copyright.xunit.xml" "--package-name" "articubot_one" "--output-file" "~/dev_ws/src/build/articubot_one/ament_copyright/copyright.txt" "--command" "/opt/ros/humble/bin/ament_copyright" "--xunit-file" "~/dev_ws/src/build/articubot_one/test_results/articubot_one/copyright.xunit.xml"
Directory: ~/dev_ws/src/articubot_one
"copyright" start time: Mar 26 16:42 CEST
Output:
----------------------------------------------------------
-- run_test.py: invoking following command in '~/dev_ws/src/articubot_one':
 - /opt/ros/humble/bin/ament_copyright --xunit-file ~/dev_ws/src/build/articubot_one/test_results/articubot_one/copyright.xunit.xml
CONTRIBUTING.md: file not found
LICENSE: file not found
launch/launch_sim.launch.py: could not find copyright notice
launch/rsp.launch.py: could not find copyright notice
4 errors, checked 4 files
-- run_test.py: return code 1
-- run_test.py: verify result file '~/dev_ws/src/build/articubot_one/test_results/articubot_one/copyright.xunit.xml'
<end of output>
Test time =   0.21 sec
----------------------------------------------------------
Test Failed.
"copyright" end time: Mar 26 16:42 CEST
"copyright" time elapsed: 00:00:00
----------------------------------------------------------

2/5 Testing: flake8
2/5 Test: flake8
Command: "/usr/bin/python3.10" "-u" "/opt/ros/humble/share/ament_cmake_test/cmake/run_test.py" "~/dev_ws/src/build/articubot_one/test_results/articubot_one/flake8.xunit.xml" "--package-name" "articubot_one" "--output-file" "~/dev_ws/src/build/articubot_one/ament_flake8/flake8.txt" "--command" "/opt/ros/humble/bin/ament_flake8" "--xunit-file" "~/dev_ws/src/build/articubot_one/test_results/articubot_one/flake8.xunit.xml"
Directory: ~/dev_ws/src/articubot_one
"flake8" start time: Mar 26 16:42 CEST
Output:
----------------------------------------------------------
-- run_test.py: invoking following command in '~/dev_ws/src/articubot_one':
 - /opt/ros/humble/bin/ament_flake8 --xunit-file ~/dev_ws/src/build/articubot_one/test_results/articubot_one/flake8.xunit.xml
    xacro_file = os.path.join(pkg_path,'description','robot.urdf.xacro')
                                      ^
    xacro_file = os.path.join(pkg_path,'description','robot.urdf.xacro')
                                                    ^
    
^
    # Launch!
    ^
def generate_launch_description():
^
    # Include the robot_state_publisher launch file, provided by our own package. Force sim time to be enabled
    ^
    # Include the robot_state_publisher launch file, provided by our own package. Force sim time to be enabled
                                                                                                   ^
    package_name='articubot_one' #<--- CHANGE ME
                ^
    package_name='articubot_one' #<--- CHANGE ME
                                ^
    package_name='articubot_one' #<--- CHANGE ME
                                 ^
                    get_package_share_directory(package_name),'launch','rsp.launch.py'
                                                             ^
                    get_package_share_directory(package_name),'launch','rsp.launch.py'
                                                                      ^
    # Run the spawner node from the gazebo_ros package. The entity name doesn't really matter if you only have a single robot.
                                                                                                   ^
    # Launch them all!
    ^
    ])      ^
1     E225 missing whitespace around operator
4     E231 missing whitespace after ','
1     E261 at least two spaces before inline comment
1     E262 inline comment should start with '# '
4     E303 too many blank lines (3)
2     E501 line too long (110 > 99 characters)
1     W292 no newline at end of file
1     W293 blank line contains whitespace

./launch/rsp.launch.py:20:39: E231 missing whitespace after ','

./launch/rsp.launch.py:20:53: E231 missing whitespace after ','

./launch/rsp.launch.py:22:1: W293 blank line contains whitespace

./launch/rsp.launch.py:33:5: E303 too many blank lines (2)

./launch/launch_sim.launch.py:14:1: E303 too many blank lines (3)

./launch/launch_sim.launch.py:17:5: E303 too many blank lines (2)

./launch/launch_sim.launch.py:17:100: E501 line too long (110 > 99 characters)

./launch/launch_sim.launch.py:20:17: E225 missing whitespace around operator

./launch/launch_sim.launch.py:20:33: E261 at least two spaces before inline comment

./launch/launch_sim.launch.py:20:34: E262 inline comment should start with '# '

./launch/launch_sim.launch.py:24:62: E231 missing whitespace after ','

./launch/launch_sim.launch.py:24:71: E231 missing whitespace after ','

./launch/launch_sim.launch.py:34:100: E501 line too long (126 > 99 characters)

./launch/launch_sim.launch.py:42:5: E303 too many blank lines (3)

./launch/launch_sim.launch.py:47:7: W292 no newline at end of file


2 files checked
15 errors

'E'-type errors: 13
'W'-type errors: 2

Checked files:

* ./launch/rsp.launch.py
* ./launch/launch_sim.launch.py
-- run_test.py: return code 1
-- run_test.py: verify result file '~/dev_ws/src/build/articubot_one/test_results/articubot_one/flake8.xunit.xml'
<end of output>
Test time =   0.21 sec
----------------------------------------------------------
Test Failed.
"flake8" end time: Mar 26 16:42 CEST
"flake8" time elapsed: 00:00:00
----------------------------------------------------------

3/5 Testing: lint_cmake
3/5 Test: lint_cmake
Command: "/usr/bin/python3.10" "-u" "/opt/ros/humble/share/ament_cmake_test/cmake/run_test.py" "~/dev_ws/src/build/articubot_one/test_results/articubot_one/lint_cmake.xunit.xml" "--package-name" "articubot_one" "--output-file" "~/dev_ws/src/build/articubot_one/ament_lint_cmake/lint_cmake.txt" "--command" "/opt/ros/humble/bin/ament_lint_cmake" "--xunit-file" "~/dev_ws/src/build/articubot_one/test_results/articubot_one/lint_cmake.xunit.xml"
Directory: ~/dev_ws/src/articubot_one
"lint_cmake" start time: Mar 26 16:42 CEST
Output:
----------------------------------------------------------
-- run_test.py: invoking following command in '~/dev_ws/src/articubot_one':
 - /opt/ros/humble/bin/ament_lint_cmake --xunit-file ~/dev_ws/src/build/articubot_one/test_results/articubot_one/lint_cmake.xunit.xml

No problems found
-- run_test.py: return code 0
-- run_test.py: verify result file '~/dev_ws/src/build/articubot_one/test_results/articubot_one/lint_cmake.xunit.xml'
<end of output>
Test time =   0.11 sec
----------------------------------------------------------
Test Passed.
"lint_cmake" end time: Mar 26 16:42 CEST
"lint_cmake" time elapsed: 00:00:00
----------------------------------------------------------

4/5 Testing: pep257
4/5 Test: pep257
Command: "/usr/bin/python3.10" "-u" "/opt/ros/humble/share/ament_cmake_test/cmake/run_test.py" "~/dev_ws/src/build/articubot_one/test_results/articubot_one/pep257.xunit.xml" "--package-name" "articubot_one" "--output-file" "~/dev_ws/src/build/articubot_one/ament_pep257/pep257.txt" "--command" "/opt/ros/humble/bin/ament_pep257" "--xunit-file" "~/dev_ws/src/build/articubot_one/test_results/articubot_one/pep257.xunit.xml"
Directory: ~/dev_ws/src/articubot_one
"pep257" start time: Mar 26 16:42 CEST
Output:
----------------------------------------------------------
-- run_test.py: invoking following command in '~/dev_ws/src/articubot_one':
 - /opt/ros/humble/bin/ament_pep257 --xunit-file ~/dev_ws/src/build/articubot_one/test_results/articubot_one/pep257.xunit.xml
checking ./launch/launch_sim.launch.py
checking ./launch/rsp.launch.py
No problems found
-- run_test.py: return code 0
-- run_test.py: verify result file '~/dev_ws/src/build/articubot_one/test_results/articubot_one/pep257.xunit.xml'
<end of output>
Test time =   0.16 sec
----------------------------------------------------------
Test Passed.
"pep257" end time: Mar 26 16:42 CEST
"pep257" time elapsed: 00:00:00
----------------------------------------------------------

5/5 Testing: xmllint
5/5 Test: xmllint
Command: "/usr/bin/python3.10" "-u" "/opt/ros/humble/share/ament_cmake_test/cmake/run_test.py" "~/dev_ws/src/build/articubot_one/test_results/articubot_one/xmllint.xunit.xml" "--package-name" "articubot_one" "--output-file" "~/dev_ws/src/build/articubot_one/ament_xmllint/xmllint.txt" "--command" "/opt/ros/humble/bin/ament_xmllint" "--xunit-file" "~/dev_ws/src/build/articubot_one/test_results/articubot_one/xmllint.xunit.xml"
Directory: ~/dev_ws/src/articubot_one
"xmllint" start time: Mar 26 16:42 CEST
Output:
----------------------------------------------------------
-- run_test.py: invoking following command in '~/dev_ws/src/articubot_one':
 - /opt/ros/humble/bin/ament_xmllint --xunit-file ~/dev_ws/src/build/articubot_one/test_results/articubot_one/xmllint.xunit.xml
File 'package.xml' is invalid:
error : Resource temporarily unavailable
warning: failed to load external entity "http://download.ros.org/schema/package_format3.xsd"
Schemas parser error : Failed to locate the main schema resource at 'http://download.ros.org/schema/package_format3.xsd'.
WXS schema http://download.ros.org/schema/package_format3.xsd failed to compile

1 files are invalid
-- run_test.py: return code 1
-- run_test.py: verify result file '~/dev_ws/src/build/articubot_one/test_results/articubot_one/xmllint.xunit.xml'
<end of output>
Test time =   0.16 sec
----------------------------------------------------------
Test Failed.
"xmllint" end time: Mar 26 16:42 CEST
"xmllint" time elapsed: 00:00:00
----------------------------------------------------------

End testing: Mar 26 16:42 CEST

copyright =   0.21 sec*proc

flake8 =   0.21 sec*proc

lint_cmake =   0.11 sec*proc

linter =   0.85 sec*proc

pep257 =   0.16 sec*proc

xmllint =   0.16 sec*proc

